Determining if the pthread_create exist failed with the following output:
Change Dir: /home/pierce/AndroidStudioProjects/FBxConnect/app/src/main/CMakeFiles/CMakeTmp

Run Build Command:"/usr/bin/make" "cmTC_b0cbf/fast"
/usr/bin/make -f CMakeFiles/cmTC_b0cbf.dir/build.make CMakeFiles/cmTC_b0cbf.dir/build
make[1]: Entering directory '/home/pierce/AndroidStudioProjects/FBxConnect/app/src/main/CMakeFiles/CMakeTmp'
Building C object CMakeFiles/cmTC_b0cbf.dir/CheckSymbolExists.c.o
/usr/bin/cc    -o CMakeFiles/cmTC_b0cbf.dir/CheckSymbolExists.c.o   -c /home/pierce/AndroidStudioProjects/FBxConnect/app/src/main/CMakeFiles/CMakeTmp/CheckSymbolExists.c
Linking C executable cmTC_b0cbf
/usr/bin/cmake -E cmake_link_script CMakeFiles/cmTC_b0cbf.dir/link.txt --verbose=1
/usr/bin/cc      -rdynamic CMakeFiles/cmTC_b0cbf.dir/CheckSymbolExists.c.o  -o cmTC_b0cbf 
CMakeFiles/cmTC_b0cbf.dir/CheckSymbolExists.c.o: In function `main':
CheckSymbolExists.c:(.text+0x1b): undefined reference to `pthread_create'
collect2: error: ld returned 1 exit status
CMakeFiles/cmTC_b0cbf.dir/build.make:97: recipe for target 'cmTC_b0cbf' failed
make[1]: *** [cmTC_b0cbf] Error 1
make[1]: Leaving directory '/home/pierce/AndroidStudioProjects/FBxConnect/app/src/main/CMakeFiles/CMakeTmp'
Makefile:126: recipe for target 'cmTC_b0cbf/fast' failed
make: *** [cmTC_b0cbf/fast] Error 2

File /home/pierce/AndroidStudioProjects/FBxConnect/app/src/main/CMakeFiles/CMakeTmp/CheckSymbolExists.c:
/* */
#include <pthread.h>

int main(int argc, char** argv)
{
  (void)argv;
#ifndef pthread_create
  return ((int*)(&pthread_create))[argc];
#else
  (void)argc;
  return 0;
#endif
}

Determining if the function pthread_create exists in the pthreads failed with the following output:
Change Dir: /home/pierce/AndroidStudioProjects/FBxConnect/app/src/main/CMakeFiles/CMakeTmp

Run Build Command:"/usr/bin/make" "cmTC_df98c/fast"
/usr/bin/make -f CMakeFiles/cmTC_df98c.dir/build.make CMakeFiles/cmTC_df98c.dir/build
make[1]: Entering directory '/home/pierce/AndroidStudioProjects/FBxConnect/app/src/main/CMakeFiles/CMakeTmp'
Building C object CMakeFiles/cmTC_df98c.dir/CheckFunctionExists.c.o
/usr/bin/cc   -DCHECK_FUNCTION_EXISTS=pthread_create   -o CMakeFiles/cmTC_df98c.dir/CheckFunctionExists.c.o   -c /usr/share/cmake-3.10/Modules/CheckFunctionExists.c
Linking C executable cmTC_df98c
/usr/bin/cmake -E cmake_link_script CMakeFiles/cmTC_df98c.dir/link.txt --verbose=1
/usr/bin/cc  -DCHECK_FUNCTION_EXISTS=pthread_create    -rdynamic CMakeFiles/cmTC_df98c.dir/CheckFunctionExists.c.o  -o cmTC_df98c -lpthreads 
/usr/bin/x86_64-linux-gnu-ld: cannot find -lpthreads
collect2: error: ld returned 1 exit status
CMakeFiles/cmTC_df98c.dir/build.make:97: recipe for target 'cmTC_df98c' failed
make[1]: *** [cmTC_df98c] Error 1
make[1]: Leaving directory '/home/pierce/AndroidStudioProjects/FBxConnect/app/src/main/CMakeFiles/CMakeTmp'
Makefile:126: recipe for target 'cmTC_df98c/fast' failed
make: *** [cmTC_df98c/fast] Error 2


